Using pre-set license
Built from '2020.3/staging' branch; Version is '2020.3.29f1 (2ff179115da0) revision 3142009'; Using compiler version '192528614'; Build Type 'Release'
OS: 'Windows 10  (10.0.19044) 64bit Professional' Language: 'es' Physical Memory: 16268 MB
BatchMode: 1, IsHumanControllingUs: 0, StartBugReporterOnCrash: 0, Is64bit: 1, IsPro: 0

COMMAND LINE ARGUMENTS:
C:\Program Files\Unity 2020.3.29f1\Editor\Unity.exe
-adb2
-batchMode
-noUpm
-name
AssetImportWorker1
-projectPath
G:/Videojuegos MFUO/GothicMFUO
-logFile
Logs/AssetImportWorker1.log
-srvPort
50957
Successfully changed project path to: G:/Videojuegos MFUO/GothicMFUO
G:/Videojuegos MFUO/GothicMFUO
Using Asset Import Pipeline V2.
Refreshing native plugins compatible for Editor in 46.91 ms, found 3 plugins.
Preloading 0 native plugins for Editor in 0.00 ms.
Initialize engine version: 2020.3.29f1 (2ff179115da0)
[Subsystems] Discovering subsystems at path C:/Program Files/Unity 2020.3.29f1/Editor/Data/Resources/UnitySubsystems
[Subsystems] Discovering subsystems at path G:/Videojuegos MFUO/GothicMFUO/Assets
GfxDevice: creating device client; threaded=0
Direct3D:
    Version:  Direct3D 11.0 [level 11.1]
    Renderer: Intel(R) HD Graphics 4600 (ID=0x412)
    Vendor:   
    VRAM:     2048 MB
    Driver:   20.19.15.4531
Initialize mono
Mono path[0] = 'C:/Program Files/Unity 2020.3.29f1/Editor/Data/Managed'
Mono path[1] = 'C:/Program Files/Unity 2020.3.29f1/Editor/Data/MonoBleedingEdge/lib/mono/unityjit'
Mono config path = 'C:/Program Files/Unity 2020.3.29f1/Editor/Data/MonoBleedingEdge/etc'
Using monoOptions --debugger-agent=transport=dt_socket,embedding=1,server=y,suspend=n,address=127.0.0.1:56640
Begin MonoManager ReloadAssembly
Registering precompiled unity dll's ...
Register platform support module: C:/Program Files/Unity 2020.3.29f1/Editor/Data/PlaybackEngines/WindowsStandaloneSupport/UnityEditor.WindowsStandalone.Extensions.dll
Registered in 0.002580 seconds.
Native extension for WindowsStandalone target not found
Refreshing native plugins compatible for Editor in 45.31 ms, found 3 plugins.
Preloading 0 native plugins for Editor in 0.00 ms.
Mono: successfully reloaded assembly
- Completed reload, in  0.581 seconds
Domain Reload Profiling:
	ReloadAssembly (581ms)
		BeginReloadAssembly (78ms)
			ExecutionOrderSort (0ms)
			DisableScriptedObjects (0ms)
			BackupInstance (0ms)
			ReleaseScriptingObjects (0ms)
			CreateAndSetChildDomain (1ms)
		EndReloadAssembly (432ms)
			LoadAssemblies (76ms)
			RebuildTransferFunctionScriptingTraits (0ms)
			SetupTypeCache (144ms)
			ReleaseScriptCaches (0ms)
			RebuildScriptCaches (29ms)
			SetupLoadedEditorAssemblies (166ms)
				LogAssemblyErrors (0ms)
				InitializePlatformSupportModulesInManaged (4ms)
				SetLoadedEditorAssemblies (0ms)
				RefreshPlugins (45ms)
				BeforeProcessingInitializeOnLoad (15ms)
				ProcessInitializeOnLoadAttributes (75ms)
				ProcessInitializeOnLoadMethodAttributes (26ms)
				AfterProcessingInitializeOnLoad (0ms)
				EditorAssembliesLoaded (0ms)
			ExecutionOrderSort2 (0ms)
			AwakeInstancesAfterBackupRestoration (0ms)
Platform modules already initialized, skipping
Registering precompiled user dll's ...
Registered in 0.003081 seconds.
Begin MonoManager ReloadAssembly
Native extension for WindowsStandalone target not found
Refreshing native plugins compatible for Editor in 43.80 ms, found 3 plugins.
Preloading 0 native plugins for Editor in 0.00 ms.
Mono: successfully reloaded assembly
- Completed reload, in  1.103 seconds
Domain Reload Profiling:
	ReloadAssembly (1104ms)
		BeginReloadAssembly (162ms)
			ExecutionOrderSort (0ms)
			DisableScriptedObjects (4ms)
			BackupInstance (0ms)
			ReleaseScriptingObjects (0ms)
			CreateAndSetChildDomain (18ms)
		EndReloadAssembly (883ms)
			LoadAssemblies (108ms)
			RebuildTransferFunctionScriptingTraits (0ms)
			SetupTypeCache (276ms)
			ReleaseScriptCaches (0ms)
			RebuildScriptCaches (47ms)
			SetupLoadedEditorAssemblies (355ms)
				LogAssemblyErrors (0ms)
				InitializePlatformSupportModulesInManaged (3ms)
				SetLoadedEditorAssemblies (0ms)
				RefreshPlugins (44ms)
				BeforeProcessingInitializeOnLoad (83ms)
				ProcessInitializeOnLoadAttributes (201ms)
				ProcessInitializeOnLoadMethodAttributes (17ms)
				AfterProcessingInitializeOnLoad (8ms)
				EditorAssembliesLoaded (0ms)
			ExecutionOrderSort2 (0ms)
			AwakeInstancesAfterBackupRestoration (6ms)
Platform modules already initialized, skipping
========================================================================
Worker process is ready to serve import requests
Launched and connected shader compiler UnityShaderCompiler.exe after 0.14 seconds
Refreshing native plugins compatible for Editor in 0.73 ms, found 3 plugins.
Preloading 0 native plugins for Editor in 0.00 ms.
Unloading 2201 Unused Serialized files (Serialized files now loaded: 0)
System memory in use before: 96.9 MB.
System memory in use after: 96.8 MB.

Unloading 31 unused Assets to reduce memory usage. Loaded Objects now: 2635.
Total: 3.198800 ms (FindLiveObjects: 0.196700 ms CreateObjectMapping: 0.078300 ms MarkObjects: 2.755900 ms  DeleteObjects: 0.167100 ms)

AssetImportParameters requested are different than current active one (requested -> active):
  custom:framework-win-MediaFoundation: 216162199b28c13a410421893ffa2e32 -> 
  custom:video-decoder-ogg-theora: a1e56fd34408186e4bbccfd4996cb3dc -> 
  custom:container-muxer-webm: aa71ff27fc2769a1b78a27578f13a17b -> 
  custom:container-demuxer-webm: 4f35f7cbe854078d1ac9338744f61a02 -> 
  custom:container-demuxer-ogg: 62fdf1f143b41e24485cea50d1cbac27 -> 
  custom:video-encoder-webm-vp8: eb34c28f22e8b96e1ab97ce403110664 -> 
  custom:video-decoder-webm-vp8: 9c59270c3fd7afecdb556c50c9e8de78 -> 
  custom:audio-decoder-ogg-vorbis: bf7c407c2cedff20999df2af8eb42d56 -> 
  custom:audio-encoder-webm-vorbis: bf7c407c2cedff20999df2af8eb42d56 -> 
========================================================================
Received Import Request.
  path: Assets/Art/Environment
  artifactKey: Guid(74e32b06f8532704f92cdf7d48b53db4) Importer(815301076,1909f56bfc062723c751e8b465ee728b)
Start importing Assets/Art/Environment using Guid(74e32b06f8532704f92cdf7d48b53db4) Importer(815301076,1909f56bfc062723c751e8b465ee728b)  -> (artifact id: '1974a1311c38ed09191ddad686eab48d') in 0.030992 seconds 
  Import took 0.039288 seconds .

========================================================================
Received Import Request.
  Time since last request: 154.009978 seconds.
  path: Assets/Art/ghost/ghost-1.png
  artifactKey: Guid(73820000e634aed4a9d7cbe273cc6984) Importer(815301076,1909f56bfc062723c751e8b465ee728b)
Start importing Assets/Art/ghost/ghost-1.png using Guid(73820000e634aed4a9d7cbe273cc6984) Importer(815301076,1909f56bfc062723c751e8b465ee728b)  -> (artifact id: '4526cbf3b2d72689bcb0b580dfd261b6') in 0.096594 seconds 
  Import took 0.117355 seconds .

========================================================================
Received Import Request.
  Time since last request: 0.000273 seconds.
  path: Assets/Art/ghost/ghost-3.png
  artifactKey: Guid(099a95a3a12866b408213add985e71b4) Importer(815301076,1909f56bfc062723c751e8b465ee728b)
Start importing Assets/Art/ghost/ghost-3.png using Guid(099a95a3a12866b408213add985e71b4) Importer(815301076,1909f56bfc062723c751e8b465ee728b)  -> (artifact id: '365eaeb1c9885c44b9f62930f83246d9') in 0.023297 seconds 
  Import took 0.027299 seconds .

========================================================================
Received Import Request.
  Time since last request: 0.000217 seconds.
  path: Assets/Art/ghost/ghost-4.png
  artifactKey: Guid(e3575d15ab51bf74398c30a1446e04cc) Importer(815301076,1909f56bfc062723c751e8b465ee728b)
Start importing Assets/Art/ghost/ghost-4.png using Guid(e3575d15ab51bf74398c30a1446e04cc) Importer(815301076,1909f56bfc062723c751e8b465ee728b)  -> (artifact id: '88720b5d31f6b143810c025ec696a84d') in 0.014872 seconds 
  Import took 0.018802 seconds .

========================================================================
Received Import Request.
  Time since last request: 0.000312 seconds.
  path: Assets/Art/ghost/ghost-2.png
  artifactKey: Guid(4e27f4f3086b4d54db8ef61323e30c22) Importer(815301076,1909f56bfc062723c751e8b465ee728b)
Start importing Assets/Art/ghost/ghost-2.png using Guid(4e27f4f3086b4d54db8ef61323e30c22) Importer(815301076,1909f56bfc062723c751e8b465ee728b)  -> (artifact id: 'dac3f5006004d8b2c4129483e47ae070') in 0.017702 seconds 
  Import took 0.022434 seconds .

========================================================================
Received Import Request.
  Time since last request: 10.617784 seconds.
  path: Assets/Art/skeleton-rise-clothed/skeleton-rise-clothed-1.png
  artifactKey: Guid(488babc16c7a2e84b8cd36e1ef583758) Importer(815301076,1909f56bfc062723c751e8b465ee728b)
Start importing Assets/Art/skeleton-rise-clothed/skeleton-rise-clothed-1.png using Guid(488babc16c7a2e84b8cd36e1ef583758) Importer(815301076,1909f56bfc062723c751e8b465ee728b)  -> (artifact id: '5f7a3dc3b532a6428119eaa1b030ce87') in 0.017829 seconds 
  Import took 0.038812 seconds .

========================================================================
Received Import Request.
  Time since last request: 0.000202 seconds.
  path: Assets/Art/skeleton-rise-clothed/skeleton-rise-clothed-4.png
  artifactKey: Guid(063ebb21c88caed47993b3550b47fbbc) Importer(815301076,1909f56bfc062723c751e8b465ee728b)
Start importing Assets/Art/skeleton-rise-clothed/skeleton-rise-clothed-4.png using Guid(063ebb21c88caed47993b3550b47fbbc) Importer(815301076,1909f56bfc062723c751e8b465ee728b)  -> (artifact id: '7c2b68ca8787b7bc90008dfb0da141c7') in 0.014566 seconds 
  Import took 0.020332 seconds .

========================================================================
Received Import Request.
  Time since last request: 0.000251 seconds.
  path: Assets/Art/skeleton-rise-clothed/skeleton-rise-clothed-3.png
  artifactKey: Guid(e198bb1735cc8b84782f1937e03d184e) Importer(815301076,1909f56bfc062723c751e8b465ee728b)
Start importing Assets/Art/skeleton-rise-clothed/skeleton-rise-clothed-3.png using Guid(e198bb1735cc8b84782f1937e03d184e) Importer(815301076,1909f56bfc062723c751e8b465ee728b)  -> (artifact id: '88dc2c70d5930a46796724600922d6ed') in 0.016956 seconds 
  Import took 0.021551 seconds .

========================================================================
Received Import Request.
  Time since last request: 0.000277 seconds.
  path: Assets/Art/skeleton-rise-clothed/skeleton-rise-clothed-2.png
  artifactKey: Guid(d9ec6a5e0b4999e47b1bacdcb51c40c6) Importer(815301076,1909f56bfc062723c751e8b465ee728b)
Start importing Assets/Art/skeleton-rise-clothed/skeleton-rise-clothed-2.png using Guid(d9ec6a5e0b4999e47b1bacdcb51c40c6) Importer(815301076,1909f56bfc062723c751e8b465ee728b)  -> (artifact id: 'f6226e6e9cb11406516ec0f464b13404') in 0.021184 seconds 
  Import took 0.024817 seconds .

========================================================================
Received Import Request.
  Time since last request: 0.000228 seconds.
  path: Assets/Art/skeleton-rise-clothed/skeleton-rise-clothed-6.png
  artifactKey: Guid(cba398f8b5a4c2145870456c80d1953e) Importer(815301076,1909f56bfc062723c751e8b465ee728b)
Start importing Assets/Art/skeleton-rise-clothed/skeleton-rise-clothed-6.png using Guid(cba398f8b5a4c2145870456c80d1953e) Importer(815301076,1909f56bfc062723c751e8b465ee728b)  -> (artifact id: 'dbf1cfb56439825352c37a6b0061f574') in 0.013501 seconds 
  Import took 0.016809 seconds .

========================================================================
Received Import Request.
  Time since last request: 0.000227 seconds.
  path: Assets/Art/skeleton-rise-clothed/skeleton-rise-clothed-5.png
  artifactKey: Guid(df422e8cec800584a8d47fc725b96573) Importer(815301076,1909f56bfc062723c751e8b465ee728b)
Start importing Assets/Art/skeleton-rise-clothed/skeleton-rise-clothed-5.png using Guid(df422e8cec800584a8d47fc725b96573) Importer(815301076,1909f56bfc062723c751e8b465ee728b)  -> (artifact id: 'd01bb72931f2836c5702221a9c8796b7') in 0.017897 seconds 
  Import took 0.027705 seconds .

========================================================================
Received Import Request.
  Time since last request: 0.508603 seconds.
  path: Assets/Art/skeleton-rise/skeleton-rise-1.png
  artifactKey: Guid(e914b3d3e621987479a34373d5ba61a3) Importer(815301076,1909f56bfc062723c751e8b465ee728b)
Start importing Assets/Art/skeleton-rise/skeleton-rise-1.png using Guid(e914b3d3e621987479a34373d5ba61a3) Importer(815301076,1909f56bfc062723c751e8b465ee728b)  -> (artifact id: '5ed64c79b54f3927dff707873561571d') in 0.019831 seconds 
  Import took 0.026274 seconds .

========================================================================
Received Import Request.
  Time since last request: 0.000365 seconds.
  path: Assets/Art/skeleton-rise/skeleton-rise-5.png
  artifactKey: Guid(49a5c4a2722988a43bf3d049298a1237) Importer(815301076,1909f56bfc062723c751e8b465ee728b)
Start importing Assets/Art/skeleton-rise/skeleton-rise-5.png using Guid(49a5c4a2722988a43bf3d049298a1237) Importer(815301076,1909f56bfc062723c751e8b465ee728b)  -> (artifact id: '141fbc66b9e2af4b172a8955c2e914b3') in 0.019538 seconds 
  Import took 0.024509 seconds .

========================================================================
Received Import Request.
  Time since last request: 0.000215 seconds.
  path: Assets/Art/skeleton-rise/skeleton-rise-4.png
  artifactKey: Guid(117228b31ee6c064797573f6f9f319d5) Importer(815301076,1909f56bfc062723c751e8b465ee728b)
Start importing Assets/Art/skeleton-rise/skeleton-rise-4.png using Guid(117228b31ee6c064797573f6f9f319d5) Importer(815301076,1909f56bfc062723c751e8b465ee728b)  -> (artifact id: 'f6af3d8e58ab8132478a27618ed41ed9') in 0.019439 seconds 
  Import took 0.024924 seconds .

========================================================================
Received Import Request.
  Time since last request: 0.000186 seconds.
  path: Assets/Art/skeleton-rise/skeleton-rise-3.png
  artifactKey: Guid(76be459fde0e09842a2f763b7728d452) Importer(815301076,1909f56bfc062723c751e8b465ee728b)
Start importing Assets/Art/skeleton-rise/skeleton-rise-3.png using Guid(76be459fde0e09842a2f763b7728d452) Importer(815301076,1909f56bfc062723c751e8b465ee728b)  -> (artifact id: 'f9a3be771eecadfd9124664a978a6261') in 0.020823 seconds 
  Import took 0.026506 seconds .

========================================================================
Received Import Request.
  Time since last request: 0.000208 seconds.
  path: Assets/Art/skeleton-rise/skeleton-rise-2.png
  artifactKey: Guid(6f5bbafc170c3f742bac16218f379034) Importer(815301076,1909f56bfc062723c751e8b465ee728b)
Start importing Assets/Art/skeleton-rise/skeleton-rise-2.png using Guid(6f5bbafc170c3f742bac16218f379034) Importer(815301076,1909f56bfc062723c751e8b465ee728b)  -> (artifact id: '34632b14f378e4cd6a8a5a547c3f5b06') in 0.014802 seconds 
  Import took 0.018687 seconds .

========================================================================
Received Import Request.
  Time since last request: 0.000228 seconds.
  path: Assets/Art/skeleton-rise/skeleton-rise-6.png
  artifactKey: Guid(ac4dbee9ff67acc4fa3305645028bdec) Importer(815301076,1909f56bfc062723c751e8b465ee728b)
Start importing Assets/Art/skeleton-rise/skeleton-rise-6.png using Guid(ac4dbee9ff67acc4fa3305645028bdec) Importer(815301076,1909f56bfc062723c751e8b465ee728b)  -> (artifact id: 'b727aadf7e8e32783d66f815d9046a49') in 0.021287 seconds 
  Import took 0.026431 seconds .

========================================================================
Received Prepare
Refreshing native plugins compatible for Editor in 4.29 ms, found 3 plugins.
Preloading 0 native plugins for Editor in 0.00 ms.
Unloading 18 Unused Serialized files (Serialized files now loaded: 0)
System memory in use before: 57.0 MB.
System memory in use after: 57.0 MB.

Unloading 18 unused Assets to reduce memory usage. Loaded Objects now: 2643.
Total: 3.657500 ms (FindLiveObjects: 0.294000 ms CreateObjectMapping: 0.083500 ms MarkObjects: 3.164100 ms  DeleteObjects: 0.115200 ms)

AssetImportParameters requested are different than current active one (requested -> active):
  custom:framework-win-MediaFoundation: 216162199b28c13a410421893ffa2e32 -> 
  custom:video-decoder-ogg-theora: a1e56fd34408186e4bbccfd4996cb3dc -> 
  custom:container-muxer-webm: aa71ff27fc2769a1b78a27578f13a17b -> 
  custom:container-demuxer-webm: 4f35f7cbe854078d1ac9338744f61a02 -> 
  custom:container-demuxer-ogg: 62fdf1f143b41e24485cea50d1cbac27 -> 
  custom:video-encoder-webm-vp8: eb34c28f22e8b96e1ab97ce403110664 -> 
  custom:video-decoder-webm-vp8: 9c59270c3fd7afecdb556c50c9e8de78 -> 
  custom:audio-decoder-ogg-vorbis: bf7c407c2cedff20999df2af8eb42d56 -> 
  custom:audio-encoder-webm-vorbis: bf7c407c2cedff20999df2af8eb42d56 -> 
========================================================================
Received Import Request.
  Time since last request: 34.937016 seconds.
  path: Assets/Art/Environment/tileset-sliced.png
  artifactKey: Guid(83a76d86973584544b043f3332e03472) Importer(815301076,1909f56bfc062723c751e8b465ee728b)
Start importing Assets/Art/Environment/tileset-sliced.png using Guid(83a76d86973584544b043f3332e03472) Importer(815301076,1909f56bfc062723c751e8b465ee728b)  -> (artifact id: 'af2ea98c1d157d1ccbd0fee3ad4c769d') in 0.012135 seconds 
  Import took 0.016141 seconds .

========================================================================
Received Import Request.
  Time since last request: 259.608256 seconds.
  path: Assets/Art/Environment/tileset-sliced.png
  artifactKey: Guid(83a76d86973584544b043f3332e03472) Importer(815301076,1909f56bfc062723c751e8b465ee728b)
Start importing Assets/Art/Environment/tileset-sliced.png using Guid(83a76d86973584544b043f3332e03472) Importer(815301076,1909f56bfc062723c751e8b465ee728b)  -> (artifact id: '545e003252232add676be173c8af2264') in 0.059289 seconds 
  Import took 0.064489 seconds .

========================================================================
Received Prepare
Registering precompiled user dll's ...
Registered in 0.003746 seconds.
Begin MonoManager ReloadAssembly
Native extension for WindowsStandalone target not found
Refreshing native plugins compatible for Editor in 0.49 ms, found 3 plugins.
Preloading 0 native plugins for Editor in 0.00 ms.
Mono: successfully reloaded assembly
- Completed reload, in  1.090 seconds
Domain Reload Profiling:
	ReloadAssembly (1091ms)
		BeginReloadAssembly (207ms)
			ExecutionOrderSort (0ms)
			DisableScriptedObjects (6ms)
			BackupInstance (0ms)
			ReleaseScriptingObjects (0ms)
			CreateAndSetChildDomain (68ms)
		EndReloadAssembly (822ms)
			LoadAssemblies (155ms)
			RebuildTransferFunctionScriptingTraits (0ms)
			SetupTypeCache (282ms)
			ReleaseScriptCaches (1ms)
			RebuildScriptCaches (40ms)
			SetupLoadedEditorAssemblies (306ms)
				LogAssemblyErrors (0ms)
				InitializePlatformSupportModulesInManaged (4ms)
				SetLoadedEditorAssemblies (0ms)
				RefreshPlugins (1ms)
				BeforeProcessingInitializeOnLoad (80ms)
				ProcessInitializeOnLoadAttributes (202ms)
				ProcessInitializeOnLoadMethodAttributes (11ms)
				AfterProcessingInitializeOnLoad (8ms)
				EditorAssembliesLoaded (0ms)
			ExecutionOrderSort2 (0ms)
			AwakeInstancesAfterBackupRestoration (10ms)
Platform modules already initialized, skipping
Refreshing native plugins compatible for Editor in 0.83 ms, found 3 plugins.
Preloading 0 native plugins for Editor in 0.00 ms.
Unloading 2196 Unused Serialized files (Serialized files now loaded: 0)
System memory in use before: 99.8 MB.
System memory in use after: 99.8 MB.

Unloading 20 unused Assets to reduce memory usage. Loaded Objects now: 2662.
Total: 2.861300 ms (FindLiveObjects: 0.161700 ms CreateObjectMapping: 0.075900 ms MarkObjects: 2.476400 ms  DeleteObjects: 0.146700 ms)

AssetImportParameters requested are different than current active one (requested -> active):
  custom:framework-win-MediaFoundation: 216162199b28c13a410421893ffa2e32 -> 
  custom:video-decoder-ogg-theora: a1e56fd34408186e4bbccfd4996cb3dc -> 
  custom:container-muxer-webm: aa71ff27fc2769a1b78a27578f13a17b -> 
  custom:container-demuxer-webm: 4f35f7cbe854078d1ac9338744f61a02 -> 
  custom:container-demuxer-ogg: 62fdf1f143b41e24485cea50d1cbac27 -> 
  custom:video-encoder-webm-vp8: eb34c28f22e8b96e1ab97ce403110664 -> 
  custom:video-decoder-webm-vp8: 9c59270c3fd7afecdb556c50c9e8de78 -> 
  custom:audio-decoder-ogg-vorbis: bf7c407c2cedff20999df2af8eb42d56 -> 
  custom:audio-encoder-webm-vorbis: bf7c407c2cedff20999df2af8eb42d56 -> 
AssetImportWorkerClient::OnTransportError - code=2 error=End of file
